C51 COMPILER V9.57.0.0   MAIN                                                              10/01/2019 13:23:05 PAGE 1   


C51 COMPILER V9.57.0.0, COMPILATION OF MODULE MAIN
OBJECT MODULE PLACED IN .\Objects\main.obj
COMPILER INVOKED BY: E:\keil\install\C51\BIN\C51.EXE main.c OPTIMIZE(8,SPEED) BROWSE DEBUG OBJECTEXTEND PRINT(.\Listings
                    -\main.lst) TABS(2) OBJECT(.\Objects\main.obj)

line level    source

   1          /**********************实验测试程序************************
   2          *  平台：Keil U5 + STC11F04E
   3          *  名称：数码管动态显示实验
   4          *  日期：2019-9-30
   5          *  姓名：ZhangHJ
   6          *  说明：数码管静态显示
   7          ***********************************************************/
   8          #include <reg52.h>
   9          #define uint unsigned int
  10          #define uchar unsigned char
  11          #define DELAY_TIME 10
  12          #define ON 0
  13          #define OFF 1
  14          
  15          sbit DAT=P3^0;      // 74HC164 数据输入
  16          sbit CLK=P3^1;      // 74HC164 时钟输入
  17          //sbit DP=P3^7;     // 小数点
  18          //sbit DP1=P3^5;
  19          sbit DPY0 = P1^0;   // 独立位选
  20          sbit DPY1 = P1^1;
  21          sbit DPY2 = P1^2;
  22          sbit DPY3 = P1^3;
  23          sbit KEY = P3^2;    // INT0 按键,按下为低电平
  24          
  25          // 数码管段选数组 数字0~9和全灭
  26          uchar code tab[]={0x81,0xD7,0xC8,0xC2,0x96,0xA2,0xA0,0xC7,0x80,0x82,0xff};
  27          // 数码管位选数组 全灭和独立3~0
  28          uchar code wei[]={0xf0,0xf8,0xf4,0xf2,0xf1};
  29          
  30          
  31          
  32          /**********************************************************
  33          *  函数名称：低精度延时函数
  34          *  日期：2019-9-7
  35          *  姓名：ZhangHJ
  36          *  说明：嵌套循环延时
  37          ***********************************************************/
  38          void delay_ms(unsigned int mstime)
  39          {
  40   1        int i,j;
  41   1        for(i=mstime; i>=0; i--)
  42   1          for(j=112; j>=0; j--);
  43   1      }
  44          
  45          
  46          
  47          /**********************************************************
  48          *  函数名称：74HC164发送Byte函数
  49          *  日期：2019-9-29
  50          *  姓名：ZhangHJ
  51          *  说明：74HC164移位寄存器输入一字节数据发给寄存器
  52          ***********************************************************/
  53          void SendByte_74HC164(uchar byte)
  54          {
C51 COMPILER V9.57.0.0   MAIN                                                              10/01/2019 13:23:05 PAGE 2   

  55   1        uchar num,c;
  56   1        num=tab[byte];
  57   1        for(c=0; c<8; c++)
  58   1        {
  59   2          DAT=num&0x01;   // P3^0 --> 0000 000x
  60   2          CLK=0;          // 制造一个上升沿
  61   2          CLK=1;
  62   2          num>>=1;        // 将数据发送到寄存器
  63   2        }
  64   1      }
  65          
  66          
  67          
  68          /**********************************************************
  69          *  函数名称：按位控制数码管动态显示函数
  70          *  日期：2019-9-30
  71          *  姓名：ZhangHJ
  72          *  说明：实现4个数码管显示 4321 的效果
  73          *        数码管引脚高电平有效,首先设置各位段选信号,然后给寄存器发送数据
  74          *        延时一段时间实现数字显示,最后清除段选信号清屏.
  75          ***********************************************************/
  76          void test_light_bit()
  77          {
  78   1          DPY0 = ON;
  79   1          DPY1 = OFF;
  80   1          DPY2 = OFF;
  81   1          DPY3 = OFF;
  82   1          SendByte_74HC164(1);
  83   1          delay_ms(DELAY_TIME);
  84   1          SendByte_74HC164(10);
  85   1        
  86   1          DPY0 = OFF;
  87   1          DPY1 = ON;
  88   1          DPY2 = OFF;
  89   1          DPY3 = OFF;
  90   1          SendByte_74HC164(2);
  91   1          delay_ms(DELAY_TIME);
  92   1          SendByte_74HC164(10);
  93   1        
  94   1          DPY0 = OFF;
  95   1          DPY1 = OFF;
  96   1          DPY2 = ON;
  97   1          DPY3 = OFF;
  98   1          SendByte_74HC164(3);
  99   1          delay_ms(DELAY_TIME);
 100   1          SendByte_74HC164(10);
 101   1          
 102   1          DPY0 = OFF;
 103   1          DPY1 = OFF;
 104   1          DPY2 = OFF;
 105   1          DPY3 = ON;
 106   1          SendByte_74HC164(4);
 107   1          delay_ms(DELAY_TIME);
 108   1          SendByte_74HC164(10);
 109   1      }
 110          
 111          
 112          
 113          /**********************************************************
 114          *  函数名称：按字节控制数码管动态显示函数
 115          *  日期：2019-9-30
 116          *  姓名：ZhangHJ
C51 COMPILER V9.57.0.0   MAIN                                                              10/01/2019 13:23:05 PAGE 3   

 117          *  说明：实现4个数码管显示 1234 的效果
 118          *        数码管引脚低电平有效,首先关闭位选信号,然后给寄存器发送数据(开启段选),
 119          *        开启位选控制并延时一段时间以显示数字,最后关闭位选信号清屏.
 120          ***********************************************************/
 121          void test_light_byte()
 122          {
 123   1          P1 |= 0x0f;             // 关掉位选
 124   1          SendByte_74HC164(1);    // 开启段选
 125   1          P1 &= 0xf7;             // 开启位选
 126   1          delay_ms(DELAY_TIME);   // 延时显示
 127   1          P1 |= 0x0f;             // 关掉位选
 128   1          
 129   1          SendByte_74HC164(2);
 130   1          P1 &= 0xfB;
 131   1          delay_ms(DELAY_TIME);
 132   1          P1 |= 0x0f;
 133   1          
 134   1          SendByte_74HC164(3);
 135   1          P1 &= 0xfD;
 136   1          delay_ms(DELAY_TIME);
 137   1          P1 |= 0x0f;
 138   1      
 139   1          SendByte_74HC164(4);
 140   1          P1 &= 0xfe;
 141   1          delay_ms(DELAY_TIME);
 142   1      }
 143          
 144          
 145          
 146          //主函数功能：正常状态显示1234,按键INT0按下时显示4321
 147          void main()
 148          {
 149   1        while(1)
 150   1        {
 151   2          if(KEY == 0)
 152   2          {
 153   3            delay_ms(20);
 154   3            while(KEY == 0)       // INT0按键被按下
 155   3            {
 156   4              test_light_bit();   // 显示4321
 157   4            }
 158   3          }
 159   2          test_light_byte();      // 显示1234
 160   2        }
 161   1      }
 162          
 163          
 164          
 165          
 166          
 167          
 168          
 169          
 170          


MODULE INFORMATION:   STATIC OVERLAYABLE
   CODE SIZE        =    218    ----
   CONSTANT SIZE    =     16    ----
   XDATA SIZE       =   ----    ----
   PDATA SIZE       =   ----    ----
   DATA SIZE        =   ----    ----
C51 COMPILER V9.57.0.0   MAIN                                                              10/01/2019 13:23:05 PAGE 4   

   IDATA SIZE       =   ----    ----
   BIT SIZE         =   ----    ----
END OF MODULE INFORMATION.


C51 COMPILATION COMPLETE.  0 WARNING(S),  0 ERROR(S)
