C51 COMPILER V9.57.0.0   MAIN                                                              11/21/2019 22:47:29 PAGE 1   


C51 COMPILER V9.57.0.0, COMPILATION OF MODULE MAIN
OBJECT MODULE PLACED IN .\Objects\main.obj
COMPILER INVOKED BY: E:\MDK\install\Core\C51\BIN\C51.EXE main.c OPTIMIZE(8,SPEED) BROWSE DEBUG OBJECTEXTEND PRINT(.\List
                    -ings\main.lst) OBJECT(.\Objects\main.obj)

line level    source

   1          #include <reg52.h>
   2          #include <intrins.h>
   3          #define uchar unsigned char
   4          #define uint unsigned int
   5          #define Hex2Char(x) ((x/10)*10+(x%10)-48)
   6          sbit DAT=P3^0;                  // 74HC164 数据输入
   7          sbit CLK=P3^1;                  // 74HC164 时钟输入
   8          sbit KEY = P3^2;                // 按键端口
   9          uchar show_data;                // 接收数据
  10          uint number = 0;                // 数字0~9
  11          
  12          /**********************************************************
  13          *  函数名称：精确延时50ms函数 @11.0592MHz
  14          *  日期：2019-10-25
  15          *  姓名：ZhangHJ
  16          *  说明：由STC-ISP自动生成
  17          ***********************************************************/
  18          void Delay50ms()                //@11.0592MHz
  19          {
  20   1              unsigned char i, j, k;
  21   1              _nop_();
  22   1              _nop_();
  23   1              i = 3;
  24   1              j = 26;
  25   1              k = 223;
  26   1              do
  27   1              {
  28   2                      do
  29   2                      {
  30   3                              while (--k);
  31   3                      } while (--j);
  32   2              } while (--i);
  33   1      }
  34          
  35          
  36          
  37          /**********************************************************
  38          *  函数名称：配置串口1
  39          *  日期：2019-11-21
  40          *  姓名：ZhangHJ
  41          *  说明：1. 设置定时器12分频
  42          *                2. 配置定时器T1方式2(8位自动重装)
  43          *                3. 定时器装初值,设置波特率
  44          *                4. 设置波特率倍增位,波特率不加倍
  45          *                5. 设置串行口控制寄存器,8位数据,允许串行接收
  46          *                6. 开启总中断和串口中断
  47          *                7. 定时器T1运行
  48          ***********************************************************/
  49          void UartConfig()
  50          {
  51   1              AUXR &= 0xBF;   // 定时器T1分频12T
  52   1              TMOD = 0x20;    // 定时器1方式2(8位自动重装)
  53   1              TH1 = 0xFD;             // 定时器重装值
  54   1              TL1 = 0xFD;             // 定时器初值
C51 COMPILER V9.57.0.0   MAIN                                                              11/21/2019 22:47:29 PAGE 2   

  55   1              PCON = 0x00;    // 波特率不加倍 0x80加倍(SMOD=1)
  56   1              SCON = 0x50;    // 波特率控制寄存器,8位UART,REN=1
  57   1              EA = 1;                 // 打开总中断
  58   1              ES = 1;                 // 打开串行口中断
  59   1              TR1 = 1;                // 定时器T1运行
  60   1      }
  61          
  62          
  63          
  64          /**********************************************************
  65          *  函数名称：配置外部中断0
  66          *  日期：2019-10-22
  67          *  姓名：ZhangHJ
  68          *  说明：1. 选择为下降沿触发方式(为1代表下降沿触发，为0代表低电平触发)
  69          *                2. 使能外部中断0
  70          *                3. 使能总中断
  71          ***********************************************************/
  72          void configExtInt0()
  73          {
  74   1              IT0 = 1;        //选择为下降沿触发方式(为1代表下降沿触发，为0代表低电平触发)
  75   1              EX0 = 1;        //使能外部中断0
  76   1              EA = 1;         //使能总中断
  77   1      }
  78          
  79          
  80          
  81          /**********************************************************
  82          *  函数名称：外部中断0服务函数
  83          *  日期：2019-11-21
  84          *  姓名：ZhangHJ
  85          *  说明：1. 中断服务函数功能为,使num在0~9之间循环变化
  86          *                2. 发送number的十六进制数值
  87          ***********************************************************/
  88          void extInt0() interrupt 0
  89          {
  90   1              EA = 0;                                                 // 关闭总中断
  91   1              Delay50ms();                                    // 延时防抖
  92   1              if(KEY == 0)
  93   1              {
  94   2                      number ++;
  95   2                      number = number % 10;
  96   2                      SBUF = number+48;
  97   2                      while(!TI);                                     // 等待发送完毕
  98   2                      TI=0;                                           // 清除发送标志位
  99   2              }
 100   1              EA = 1;                                                 // 开启总中断
 101   1      }
 102          
 103          
 104          // 这是主机的功能函数，晶振11.0592MHz
 105          // 主函数功能：通过按键外部中断控制number在0~9之间循环，并将number的十六进制数据发送至从机
 106          // 注意：STC-ISP需要选择使用外部时钟
 107          void main()
 108          {
 109   1              configExtInt0();
 110   1              UartConfig();                                   // 配置串口
 111   1              while(1);
 112   1      }


MODULE INFORMATION:   STATIC OVERLAYABLE
   CODE SIZE        =    134    ----
C51 COMPILER V9.57.0.0   MAIN                                                              11/21/2019 22:47:29 PAGE 3   

   CONSTANT SIZE    =   ----    ----
   XDATA SIZE       =   ----    ----
   PDATA SIZE       =   ----    ----
   DATA SIZE        =      3    ----
   IDATA SIZE       =   ----    ----
   BIT SIZE         =   ----    ----
END OF MODULE INFORMATION.


C51 COMPILATION COMPLETE.  0 WARNING(S),  0 ERROR(S)
